<?xml version="1.0" encoding="UTF-8"?>
<testsuite xmlns:xsi="http://www.w3.org/2001/XMLSchema-instance" xsi:noNamespaceSchemaLocation="https://maven.apache.org/surefire/maven-surefire-plugin/xsd/surefire-test-report-3.0.xsd" version="3.0" name="com.banking.util.TransactionLoggerTest" time="0.072" tests="5" errors="0" skipped="0" failures="0">
  <properties>
    <property name="gopherProxySet" value="false"/>
    <property name="awt.toolkit" value="sun.lwawt.macosx.LWCToolkit"/>
    <property name="java.specification.version" value="11"/>
    <property name="sun.cpu.isalist" value=""/>
    <property name="sun.jnu.encoding" value="UTF-8"/>
    <property name="java.class.path" value="/Users/ronalddelacruz/Projects/work-related/training/java-tesda-joysis/week1-solutions/target/test-classes:/Users/ronalddelacruz/Projects/work-related/training/java-tesda-joysis/week1-solutions/target/classes:/Users/ronalddelacruz/.m2/repository/junit/junit/4.13.2/junit-4.13.2.jar:/Users/ronalddelacruz/.m2/repository/org/hamcrest/hamcrest-core/1.3/hamcrest-core-1.3.jar:"/>
    <property name="java.vm.vendor" value="Amazon.com Inc."/>
    <property name="sun.arch.data.model" value="64"/>
    <property name="java.vendor.url" value="https://aws.amazon.com/corretto/"/>
    <property name="user.timezone" value=""/>
    <property name="java.vm.specification.version" value="11"/>
    <property name="os.name" value="Mac OS X"/>
    <property name="sun.java.launcher" value="SUN_STANDARD"/>
    <property name="user.country" value="PH"/>
    <property name="sun.boot.library.path" value="/Library/Java/JavaVirtualMachines/amazon-corretto-11.jdk/Contents/Home/lib"/>
    <property name="sun.java.command" value="/Users/ronalddelacruz/Projects/work-related/training/java-tesda-joysis/week1-solutions/target/surefire/surefirebooter-20250216194758674_3.jar /Users/ronalddelacruz/Projects/work-related/training/java-tesda-joysis/week1-solutions/target/surefire 2025-02-16T19-47-58_528-jvmRun1 surefire-20250216194758674_1tmp surefire_0-20250216194758674_2tmp"/>
    <property name="jdk.debug" value="release"/>
    <property name="surefire.test.class.path" value="/Users/ronalddelacruz/Projects/work-related/training/java-tesda-joysis/week1-solutions/target/test-classes:/Users/ronalddelacruz/Projects/work-related/training/java-tesda-joysis/week1-solutions/target/classes:/Users/ronalddelacruz/.m2/repository/junit/junit/4.13.2/junit-4.13.2.jar:/Users/ronalddelacruz/.m2/repository/org/hamcrest/hamcrest-core/1.3/hamcrest-core-1.3.jar:"/>
    <property name="sun.cpu.endian" value="little"/>
    <property name="user.home" value="/Users/ronalddelacruz"/>
    <property name="user.language" value="en"/>
    <property name="java.specification.vendor" value="Oracle Corporation"/>
    <property name="java.version.date" value="2025-01-21"/>
    <property name="java.home" value="/Library/Java/JavaVirtualMachines/amazon-corretto-11.jdk/Contents/Home"/>
    <property name="file.separator" value="/"/>
    <property name="basedir" value="/Users/ronalddelacruz/Projects/work-related/training/java-tesda-joysis/week1-solutions"/>
    <property name="java.vm.compressedOopsMode" value="Zero based"/>
    <property name="line.separator" value="&#10;"/>
    <property name="java.specification.name" value="Java Platform API Specification"/>
    <property name="java.vm.specification.vendor" value="Oracle Corporation"/>
    <property name="java.awt.graphicsenv" value="sun.awt.CGraphicsEnvironment"/>
    <property name="surefire.real.class.path" value="/Users/ronalddelacruz/Projects/work-related/training/java-tesda-joysis/week1-solutions/target/surefire/surefirebooter-20250216194758674_3.jar"/>
    <property name="sun.management.compiler" value="HotSpot 64-Bit Tiered Compilers"/>
    <property name="java.runtime.version" value="11.0.26+4-LTS"/>
    <property name="user.name" value="ronalddelacruz"/>
    <property name="path.separator" value=":"/>
    <property name="os.version" value="15.3"/>
    <property name="java.runtime.name" value="OpenJDK Runtime Environment"/>
    <property name="file.encoding" value="UTF-8"/>
    <property name="java.vm.name" value="OpenJDK 64-Bit Server VM"/>
    <property name="java.vendor.version" value="Corretto-11.0.26.4.1"/>
    <property name="localRepository" value="/Users/ronalddelacruz/.m2/repository"/>
    <property name="java.vendor.url.bug" value="https://github.com/corretto/corretto-11/issues/"/>
    <property name="java.io.tmpdir" value="/var/folders/cr/zsfdqmvd047cr1bbdpfh_fkm0000gp/T/"/>
    <property name="java.version" value="11.0.26"/>
    <property name="user.dir" value="/Users/ronalddelacruz/Projects/work-related/training/java-tesda-joysis/week1-solutions"/>
    <property name="os.arch" value="aarch64"/>
    <property name="java.vm.specification.name" value="Java Virtual Machine Specification"/>
    <property name="java.awt.printerjob" value="sun.lwawt.macosx.CPrinterJob"/>
    <property name="sun.os.patch.level" value="unknown"/>
    <property name="java.library.path" value="/Users/ronalddelacruz/Library/Java/Extensions:/Library/Java/Extensions:/Network/Library/Java/Extensions:/System/Library/Java/Extensions:/usr/lib/java:."/>
    <property name="java.vm.info" value="mixed mode"/>
    <property name="java.vendor" value="Amazon.com Inc."/>
    <property name="java.vm.version" value="11.0.26+4-LTS"/>
    <property name="java.specification.maintenance.version" value="3"/>
    <property name="sun.io.unicode.encoding" value="UnicodeBig"/>
    <property name="java.class.version" value="55.0"/>
  </properties>
  <testcase name="testTransactionFormatting" classname="com.banking.util.TransactionLoggerTest" time="0.016"/>
  <testcase name="testSaveTransaction" classname="com.banking.util.TransactionLoggerTest" time="0.0"/>
  <testcase name="testGetAllTransactionsWithNoFile" classname="com.banking.util.TransactionLoggerTest" time="0.0"/>
  <testcase name="testGetAllTransactionsWithMultipleEntries" classname="com.banking.util.TransactionLoggerTest" time="0.002"/>
  <testcase name="testGetTransactionsForAccount" classname="com.banking.util.TransactionLoggerTest" time="0.002"/>
</testsuite>